{
  "0 debug pnpm:scope": {
    "selected": 1
  },
  "1 error pnpm": {
    "errno": 2,
    "code": "ELIFECYCLE",
    "pkgid": "@mawoka/pbe@1.0.1",
    "stage": "lint",
    "script": "eslint . \"--fix\"",
    "pkgname": "@mawoka/pbe",
    "err": {
      "name": "pnpm",
      "message": "@mawoka/pbe@1.0.1 lint: `eslint . \"--fix\"`\nExit status 2",
      "code": "ELIFECYCLE",
      "stack": "pnpm: @mawoka/pbe@1.0.1 lint: `eslint . \"--fix\"`\nExit status 2\n    at EventEmitter.<anonymous> (/home/mawoka/.local/share/pnpm/global/5/.pnpm/pnpm@7.1.3/node_modules/pnpm/dist/pnpm.cjs:106904:20)\n    at EventEmitter.emit (node:events:527:28)\n    at ChildProcess.<anonymous> (/home/mawoka/.local/share/pnpm/global/5/.pnpm/pnpm@7.1.3/node_modules/pnpm/dist/pnpm.cjs:93473:18)\n    at ChildProcess.emit (node:events:527:28)\n    at maybeClose (node:internal/child_process:1092:16)\n    at Process.ChildProcess._handle.onexit (node:internal/child_process:302:5)"
    }
  },
  "2 warn pnpm:global": " Local package.json exists, but node_modules missing, did you mean to install?"
}